<!DOCTYPE html>

<html>
  <head>
  <meta charset='utf-8'>
  <title>TestNG reports</title>

    <link type="text/css" href="testng-reports.css" rel="stylesheet" />  
    <script type="text/javascript" src="jquery-1.7.1.min.js"></script>
    <script type="text/javascript" src="testng-reports.js"></script>
    <script type="text/javascript" src="https://www.google.com/jsapi"></script>
    <script type='text/javascript'>
      google.load('visualization', '1', {packages:['table']});
      google.setOnLoadCallback(drawTable);
      var suiteTableInitFunctions = new Array();
      var suiteTableData = new Array();
    </script>
    <!--
      <script type="text/javascript" src="jquery-ui/js/jquery-ui-1.8.16.custom.min.js"></script>
     -->
  </head>

  <body>
    <div class="top-banner-root">
      <span class="top-banner-title-font">Test results</span>
      <br/>
      <span class="top-banner-font-1">1 suite, 4 failed tests</span>
    </div> <!-- top-banner-root -->
    <div class="navigator-root">
      <div class="navigator-suite-header">
        <span>All suites</span>
        <a href="#" class="collapse-all-link" title="Collapse/expand all the suites">
          <img class="collapse-all-icon" src="collapseall.gif">
          </img> <!-- collapse-all-icon -->
        </a> <!-- collapse-all-link -->
      </div> <!-- navigator-suite-header -->
      <div class="suite">
        <div class="rounded-window">
          <div class="suite-header light-rounded-window-top">
            <a href="#" class="navigator-link" panel-name="suite-Failed_suite_[SmokeTestScenerio]">
              <span class="suite-name border-failed">Failed suite [SmokeTestScenerio]</span>
            </a> <!-- navigator-link -->
          </div> <!-- suite-header light-rounded-window-top -->
          <div class="navigator-suite-content">
            <div class="suite-section-title">
              <span>Info</span>
            </div> <!-- suite-section-title -->
            <div class="suite-section-content">
              <ul>
                <li>
                  <a href="#" class="navigator-link " panel-name="test-xml-Failed_suite_[SmokeTestScenerio]">
                    <span>C:\Users\aurph\Desktop\Workspace\testNG_annotations\test-output\SmokeTestScenerio\testng-failed.xml</span>
                  </a> <!-- navigator-link  -->
                </li>
                <li>
                  <a href="#" class="navigator-link " panel-name="testlist-Failed_suite_[SmokeTestScenerio]">
                    <span class="test-stats">1 test</span>
                  </a> <!-- navigator-link  -->
                </li>
                <li>
                  <a href="#" class="navigator-link " panel-name="group-Failed_suite_[SmokeTestScenerio]">
                    <span>0 groups</span>
                  </a> <!-- navigator-link  -->
                </li>
                <li>
                  <a href="#" class="navigator-link " panel-name="times-Failed_suite_[SmokeTestScenerio]">
                    <span>Times</span>
                  </a> <!-- navigator-link  -->
                </li>
                <li>
                  <a href="#" class="navigator-link " panel-name="reporter-Failed_suite_[SmokeTestScenerio]">
                    <span>Reporter output</span>
                  </a> <!-- navigator-link  -->
                </li>
                <li>
                  <a href="#" class="navigator-link " panel-name="ignored-methods-Failed_suite_[SmokeTestScenerio]">
                    <span>Ignored methods</span>
                  </a> <!-- navigator-link  -->
                </li>
                <li>
                  <a href="#" class="navigator-link " panel-name="chronological-Failed_suite_[SmokeTestScenerio]">
                    <span>Chronological view</span>
                  </a> <!-- navigator-link  -->
                </li>
              </ul>
            </div> <!-- suite-section-content -->
            <div class="result-section">
              <div class="suite-section-title">
                <span>Results</span>
              </div> <!-- suite-section-title -->
              <div class="suite-section-content">
                <ul>
                  <li>
                    <span class="method-stats">6 methods, 4 failed,  2 skipped,  </span>
                  </li>
                  <li>
                    <span class="method-list-title failed">Failed methods</span>
                    <span class="show-or-hide-methods failed">
                      <a href="#" panel-name="suite-Failed_suite_[SmokeTestScenerio]" class="hide-methods failed suite-Failed_suite_[SmokeTestScenerio]"> (hide)</a> <!-- hide-methods failed suite-Failed_suite_[SmokeTestScenerio] -->
                      <a href="#" panel-name="suite-Failed_suite_[SmokeTestScenerio]" class="show-methods failed suite-Failed_suite_[SmokeTestScenerio]"> (show)</a> <!-- show-methods failed suite-Failed_suite_[SmokeTestScenerio] -->
                    </span>
                    <div class="method-list-content failed suite-Failed_suite_[SmokeTestScenerio]">
                      <span>
                        <img width="3%" src="failed.png"/>
                        <a href="#" class="method navigator-link" panel-name="suite-Failed_suite_[SmokeTestScenerio]" title="com.demo.testNG_annotations.FacebookScreenshot" hash-for-method="captureScreenshot">captureScreenshot</a> <!-- method navigator-link -->
                      </span>
                      <br/>
                      <span>
                        <img width="3%" src="failed.png"/>
                        <a href="#" class="method navigator-link" panel-name="suite-Failed_suite_[SmokeTestScenerio]" title="selenium_testNG.TestNGExampleTests" hash-for-method="verifyForgotPasswordPage">verifyForgotPasswordPage</a> <!-- method navigator-link -->
                      </span>
                      <br/>
                      <span>
                        <img width="3%" src="failed.png"/>
                        <a href="#" class="method navigator-link" panel-name="suite-Failed_suite_[SmokeTestScenerio]" title="selenium_testNG.TestNGExampleTests" hash-for-method="verifyLoginPageText">verifyLoginPageText</a> <!-- method navigator-link -->
                      </span>
                      <br/>
                      <span>
                        <img width="3%" src="failed.png"/>
                        <a href="#" class="method navigator-link" panel-name="suite-Failed_suite_[SmokeTestScenerio]" title="TestNGDemo.VerifyTitle" hash-for-method="verifySeleniumTitle">verifySeleniumTitle</a> <!-- method navigator-link -->
                      </span>
                      <br/>
                    </div> <!-- method-list-content failed suite-Failed_suite_[SmokeTestScenerio] -->
                  </li>
                  <li>
                    <span class="method-list-title skipped">Skipped methods</span>
                    <span class="show-or-hide-methods skipped">
                      <a href="#" panel-name="suite-Failed_suite_[SmokeTestScenerio]" class="hide-methods skipped suite-Failed_suite_[SmokeTestScenerio]"> (hide)</a> <!-- hide-methods skipped suite-Failed_suite_[SmokeTestScenerio] -->
                      <a href="#" panel-name="suite-Failed_suite_[SmokeTestScenerio]" class="show-methods skipped suite-Failed_suite_[SmokeTestScenerio]"> (show)</a> <!-- show-methods skipped suite-Failed_suite_[SmokeTestScenerio] -->
                    </span>
                    <div class="method-list-content skipped suite-Failed_suite_[SmokeTestScenerio]">
                      <span>
                        <img width="3%" src="skipped.png"/>
                        <a href="#" class="method navigator-link" panel-name="suite-Failed_suite_[SmokeTestScenerio]" title="TestNGDemo.VerifyTitle" hash-for-method="verifySeleniumTitle">verifySeleniumTitle</a> <!-- method navigator-link -->
                      </span>
                      <br/>
                      <span>
                        <img width="3%" src="skipped.png"/>
                        <a href="#" class="method navigator-link" panel-name="suite-Failed_suite_[SmokeTestScenerio]" title="TestNGDemo.VerifyTitle" hash-for-method="verifySeleniumTitle">verifySeleniumTitle</a> <!-- method navigator-link -->
                      </span>
                      <br/>
                    </div> <!-- method-list-content skipped suite-Failed_suite_[SmokeTestScenerio] -->
                  </li>
                </ul>
              </div> <!-- suite-section-content -->
            </div> <!-- result-section -->
          </div> <!-- navigator-suite-content -->
        </div> <!-- rounded-window -->
      </div> <!-- suite -->
    </div> <!-- navigator-root -->
    <div class="wrapper">
      <div class="main-panel-root">
        <div panel-name="suite-Failed_suite_[SmokeTestScenerio]" class="panel Failed_suite_[SmokeTestScenerio]">
          <div class="suite-Failed_suite_[SmokeTestScenerio]-class-failed">
            <div class="main-panel-header rounded-window-top">
              <img src="failed.png"/>
              <span class="class-name">com.demo.testNG_annotations.FacebookScreenshot</span>
            </div> <!-- main-panel-header rounded-window-top -->
            <div class="main-panel-content rounded-window-bottom">
              <div class="method">
                <div class="method-content">
                  <a name="captureScreenshot">
                  </a> <!-- captureScreenshot -->
                  <span class="method-name">captureScreenshot</span>
                  <div class="stack-trace">org.openqa.selenium.NoSuchElementException: Unable to locate element: .//*[@id=&apos;emailasdasdas&apos;]
For documentation on this error, please visit: http://seleniumhq.org/exceptions/no_such_element.html
Build info: version: &apos;unknown&apos;, revision: &apos;3169782&apos;, time: &apos;2016-09-29 10:24:50 -0700&apos;
System info: host: &apos;LAPTOP-AMA7L6BO&apos;, ip: &apos;192.168.1.4&apos;, os.name: &apos;Windows 10&apos;, os.arch: &apos;amd64&apos;, os.version: &apos;10.0&apos;, java.version: &apos;1.8.0_102&apos;
Driver info: org.openqa.selenium.firefox.FirefoxDriver
Capabilities [{rotatable=false, raisesAccessibilityExceptions=false, marionette=true, appBuildId=20161129173726, version=, platform=XP, proxy={}, command_id=1, specificationLevel=0, acceptSslCerts=false, processId=10324, browserVersion=50.0.2, platformVersion=10.0, XULappId={ec8030f7-c20a-464f-9b0e-13a3a9e97384}, browserName=firefox, takesScreenshot=true, takesElementScreenshot=true, platformName=windows_nt}]
Session ID: 2a7c6343-12ae-481f-a2c7-3f07d1ffbeba
*** Element info: {Using=xpath, value=.//*[@id=&apos;emailasdasdas&apos;]}
	at org.openqa.selenium.remote.http.W3CHttpResponseCodec.createException(W3CHttpResponseCodec.java:126)
	at org.openqa.selenium.remote.http.W3CHttpResponseCodec.decode(W3CHttpResponseCodec.java:93)
	at org.openqa.selenium.remote.http.W3CHttpResponseCodec.decode(W3CHttpResponseCodec.java:42)
	at org.openqa.selenium.remote.HttpCommandExecutor.execute(HttpCommandExecutor.java:163)
	at org.openqa.selenium.remote.service.DriverCommandExecutor.execute(DriverCommandExecutor.java:82)
	at org.openqa.selenium.remote.RemoteWebDriver.execute(RemoteWebDriver.java:602)
	at org.openqa.selenium.remote.RemoteWebDriver.findElement(RemoteWebDriver.java:369)
	at org.openqa.selenium.remote.RemoteWebDriver.findElementByXPath(RemoteWebDriver.java:474)
	at org.openqa.selenium.By$ByXPath.findElement(By.java:361)
	at org.openqa.selenium.remote.RemoteWebDriver.findElement(RemoteWebDriver.java:361)
	at com.demo.testNG_annotations.FacebookScreenshot.captureScreenshot(FacebookScreenshot.java:34)
	at runner.TestRunner.main(TestRunner.java:17)
... Removed 26 stack frames
</div> <!-- stack-trace -->
                </div> <!-- method-content -->
              </div> <!-- method -->
            </div> <!-- main-panel-content rounded-window-bottom -->
          </div> <!-- suite-Failed_suite_[SmokeTestScenerio]-class-failed -->
          <div class="suite-Failed_suite_[SmokeTestScenerio]-class-failed">
            <div class="main-panel-header rounded-window-top">
              <img src="failed.png"/>
              <span class="class-name">TestNGDemo.VerifyTitle</span>
            </div> <!-- main-panel-header rounded-window-top -->
            <div class="main-panel-content rounded-window-bottom">
              <div class="method">
                <div class="method-content">
                  <a name="verifySeleniumTitle">
                  </a> <!-- verifySeleniumTitle -->
                  <span class="method-name">verifySeleniumTitle</span>
                  <div class="stack-trace">java.lang.AssertionError: expected [true] but found [false]
	at TestNGDemo.VerifyTitle.verifySeleniumTitle(VerifyTitle.java:34)
	at runner.TestRunner.main(TestRunner.java:17)
... Removed 26 stack frames
</div> <!-- stack-trace -->
                </div> <!-- method-content -->
              </div> <!-- method -->
            </div> <!-- main-panel-content rounded-window-bottom -->
          </div> <!-- suite-Failed_suite_[SmokeTestScenerio]-class-failed -->
          <div class="suite-Failed_suite_[SmokeTestScenerio]-class-failed">
            <div class="main-panel-header rounded-window-top">
              <img src="failed.png"/>
              <span class="class-name">selenium_testNG.TestNGExampleTests</span>
            </div> <!-- main-panel-header rounded-window-top -->
            <div class="main-panel-content rounded-window-bottom">
              <div class="method">
                <div class="method-content">
                  <a name="verifyForgotPasswordPage">
                  </a> <!-- verifyForgotPasswordPage -->
                  <span class="method-name">verifyForgotPasswordPage</span>
                  <div class="stack-trace">org.openqa.selenium.NoSuchElementException: Unable to locate element: Forgot your password?
For documentation on this error, please visit: http://seleniumhq.org/exceptions/no_such_element.html
Build info: version: &apos;unknown&apos;, revision: &apos;3169782&apos;, time: &apos;2016-09-29 10:24:50 -0700&apos;
System info: host: &apos;LAPTOP-AMA7L6BO&apos;, ip: &apos;192.168.1.4&apos;, os.name: &apos;Windows 10&apos;, os.arch: &apos;amd64&apos;, os.version: &apos;10.0&apos;, java.version: &apos;1.8.0_102&apos;
Driver info: org.openqa.selenium.firefox.FirefoxDriver
Capabilities [{rotatable=false, raisesAccessibilityExceptions=false, marionette=true, appBuildId=20161129173726, version=, platform=XP, proxy={}, command_id=1, specificationLevel=0, acceptSslCerts=false, processId=5160, browserVersion=50.0.2, platformVersion=10.0, XULappId={ec8030f7-c20a-464f-9b0e-13a3a9e97384}, browserName=firefox, takesScreenshot=true, takesElementScreenshot=true, platformName=windows_nt}]
Session ID: aaa2cb18-aecc-4c3e-9f7d-f75563f0ba20
*** Element info: {Using=link text, value=Forgot your password?}
	at org.openqa.selenium.remote.http.W3CHttpResponseCodec.createException(W3CHttpResponseCodec.java:126)
	at org.openqa.selenium.remote.http.W3CHttpResponseCodec.decode(W3CHttpResponseCodec.java:93)
	at org.openqa.selenium.remote.http.W3CHttpResponseCodec.decode(W3CHttpResponseCodec.java:42)
	at org.openqa.selenium.remote.HttpCommandExecutor.execute(HttpCommandExecutor.java:163)
	at org.openqa.selenium.remote.service.DriverCommandExecutor.execute(DriverCommandExecutor.java:82)
	at org.openqa.selenium.remote.RemoteWebDriver.execute(RemoteWebDriver.java:602)
	at org.openqa.selenium.remote.RemoteWebDriver.findElement(RemoteWebDriver.java:369)
	at org.openqa.selenium.remote.RemoteWebDriver.findElementByLinkText(RemoteWebDriver.java:426)
	at org.openqa.selenium.By$ByLinkText.findElement(By.java:246)
	at org.openqa.selenium.remote.RemoteWebDriver.findElement(RemoteWebDriver.java:361)
	at selenium_testNG.TestNGExampleTests.verifyForgotPasswordPage(TestNGExampleTests.java:36)
	at runner.TestRunner.main(TestRunner.java:17)
... Removed 26 stack frames
</div> <!-- stack-trace -->
                </div> <!-- method-content -->
              </div> <!-- method -->
              <div class="method">
                <div class="method-content">
                  <a name="verifyLoginPageText">
                  </a> <!-- verifyLoginPageText -->
                  <span class="method-name">verifyLoginPageText</span>
                  <div class="stack-trace">org.openqa.selenium.NoSuchElementException: Unable to locate element: .header&gt;h2
For documentation on this error, please visit: http://seleniumhq.org/exceptions/no_such_element.html
Build info: version: &apos;unknown&apos;, revision: &apos;3169782&apos;, time: &apos;2016-09-29 10:24:50 -0700&apos;
System info: host: &apos;LAPTOP-AMA7L6BO&apos;, ip: &apos;192.168.1.4&apos;, os.name: &apos;Windows 10&apos;, os.arch: &apos;amd64&apos;, os.version: &apos;10.0&apos;, java.version: &apos;1.8.0_102&apos;
Driver info: org.openqa.selenium.firefox.FirefoxDriver
Capabilities [{rotatable=false, raisesAccessibilityExceptions=false, marionette=true, appBuildId=20161129173726, version=, platform=XP, proxy={}, command_id=1, specificationLevel=0, acceptSslCerts=false, processId=5160, browserVersion=50.0.2, platformVersion=10.0, XULappId={ec8030f7-c20a-464f-9b0e-13a3a9e97384}, browserName=firefox, takesScreenshot=true, takesElementScreenshot=true, platformName=windows_nt}]
Session ID: aaa2cb18-aecc-4c3e-9f7d-f75563f0ba20
*** Element info: {Using=css selector, value=.header&gt;h2}
	at org.openqa.selenium.remote.http.W3CHttpResponseCodec.createException(W3CHttpResponseCodec.java:126)
	at org.openqa.selenium.remote.http.W3CHttpResponseCodec.decode(W3CHttpResponseCodec.java:93)
	at org.openqa.selenium.remote.http.W3CHttpResponseCodec.decode(W3CHttpResponseCodec.java:42)
	at org.openqa.selenium.remote.HttpCommandExecutor.execute(HttpCommandExecutor.java:163)
	at org.openqa.selenium.remote.service.DriverCommandExecutor.execute(DriverCommandExecutor.java:82)
	at org.openqa.selenium.remote.RemoteWebDriver.execute(RemoteWebDriver.java:602)
	at org.openqa.selenium.remote.RemoteWebDriver.findElement(RemoteWebDriver.java:369)
	at org.openqa.selenium.remote.RemoteWebDriver.findElementByCssSelector(RemoteWebDriver.java:466)
	at org.openqa.selenium.By$ByCssSelector.findElement(By.java:430)
	at org.openqa.selenium.remote.RemoteWebDriver.findElement(RemoteWebDriver.java:361)
	at selenium_testNG.TestNGExampleTests.verifyLoginPageText(TestNGExampleTests.java:27)
	at runner.TestRunner.main(TestRunner.java:17)
... Removed 26 stack frames
</div> <!-- stack-trace -->
                </div> <!-- method-content -->
              </div> <!-- method -->
            </div> <!-- main-panel-content rounded-window-bottom -->
          </div> <!-- suite-Failed_suite_[SmokeTestScenerio]-class-failed -->
          <div class="suite-Failed_suite_[SmokeTestScenerio]-class-skipped">
            <div class="main-panel-header rounded-window-top">
              <img src="skipped.png"/>
              <span class="class-name">TestNGDemo.VerifyTitle</span>
            </div> <!-- main-panel-header rounded-window-top -->
            <div class="main-panel-content rounded-window-bottom">
              <div class="method">
                <div class="method-content">
                  <a name="verifySeleniumTitle">
                  </a> <!-- verifySeleniumTitle -->
                  <span class="method-name">verifySeleniumTitle</span>
                  <div class="stack-trace">java.lang.AssertionError: expected [true] but found [false]
	at TestNGDemo.VerifyTitle.verifySeleniumTitle(VerifyTitle.java:34)
	at runner.TestRunner.main(TestRunner.java:17)
... Removed 26 stack frames
</div> <!-- stack-trace -->
                </div> <!-- method-content -->
              </div> <!-- method -->
              <div class="method">
                <div class="method-content">
                  <a name="verifySeleniumTitle">
                  </a> <!-- verifySeleniumTitle -->
                  <span class="method-name">verifySeleniumTitle</span>
                  <div class="stack-trace">java.lang.AssertionError: expected [true] but found [false]
	at TestNGDemo.VerifyTitle.verifySeleniumTitle(VerifyTitle.java:34)
	at runner.TestRunner.main(TestRunner.java:17)
... Removed 26 stack frames
</div> <!-- stack-trace -->
                </div> <!-- method-content -->
              </div> <!-- method -->
            </div> <!-- main-panel-content rounded-window-bottom -->
          </div> <!-- suite-Failed_suite_[SmokeTestScenerio]-class-skipped -->
        </div> <!-- panel Failed_suite_[SmokeTestScenerio] -->
        <div panel-name="test-xml-Failed_suite_[SmokeTestScenerio]" class="panel">
          <div class="main-panel-header rounded-window-top">
            <span class="header-content">C:\Users\aurph\Desktop\Workspace\testNG_annotations\test-output\SmokeTestScenerio\testng-failed.xml</span>
          </div> <!-- main-panel-header rounded-window-top -->
          <div class="main-panel-content rounded-window-bottom">
            <pre>
&lt;?xml version=&quot;1.0&quot; encoding=&quot;UTF-8&quot;?&gt;
&lt;!DOCTYPE suite SYSTEM &quot;http://testng.org/testng-1.0.dtd&quot;&gt;
&lt;suite guice-stage=&quot;DEVELOPMENT&quot; name=&quot;Failed suite [SmokeTestScenerio]&quot;&gt;
  &lt;test name=&quot;Sprint1(failed)&quot;&gt;
    &lt;classes&gt;
      &lt;class name=&quot;selenium_testNG.TestNGExampleTests&quot;&gt;
        &lt;methods&gt;
          &lt;include name=&quot;verifyLoginPageText&quot;/&gt;
          &lt;include name=&quot;verifyForgotPasswordPage&quot;/&gt;
          &lt;include name=&quot;setup&quot;/&gt;
        &lt;/methods&gt;
      &lt;/class&gt; &lt;!-- selenium_testNG.TestNGExampleTests --&gt;
      &lt;class name=&quot;com.demo.testNG_annotations.FacebookScreenshot&quot;&gt;
        &lt;methods&gt;
          &lt;include name=&quot;tearDown&quot;/&gt;
          &lt;include name=&quot;captureScreenshot&quot;/&gt;
        &lt;/methods&gt;
      &lt;/class&gt; &lt;!-- com.demo.testNG_annotations.FacebookScreenshot --&gt;
      &lt;class name=&quot;TestNGDemo.VerifyTitle&quot;&gt;
        &lt;methods&gt;
          &lt;include name=&quot;verifySeleniumTitle&quot;/&gt;
        &lt;/methods&gt;
      &lt;/class&gt; &lt;!-- TestNGDemo.VerifyTitle --&gt;
    &lt;/classes&gt;
  &lt;/test&gt; &lt;!-- Sprint1(failed) --&gt;
&lt;/suite&gt; &lt;!-- Failed suite [SmokeTestScenerio] --&gt;
            </pre>
          </div> <!-- main-panel-content rounded-window-bottom -->
        </div> <!-- panel -->
        <div panel-name="testlist-Failed_suite_[SmokeTestScenerio]" class="panel">
          <div class="main-panel-header rounded-window-top">
            <span class="header-content">Tests for Failed suite [SmokeTestScenerio]</span>
          </div> <!-- main-panel-header rounded-window-top -->
          <div class="main-panel-content rounded-window-bottom">
            <ul>
              <li>
                <span class="test-name">Sprint1(failed) (3 classes)</span>
              </li>
            </ul>
          </div> <!-- main-panel-content rounded-window-bottom -->
        </div> <!-- panel -->
        <div panel-name="group-Failed_suite_[SmokeTestScenerio]" class="panel">
          <div class="main-panel-header rounded-window-top">
            <span class="header-content">Groups for Failed suite [SmokeTestScenerio]</span>
          </div> <!-- main-panel-header rounded-window-top -->
          <div class="main-panel-content rounded-window-bottom">
          </div> <!-- main-panel-content rounded-window-bottom -->
        </div> <!-- panel -->
        <div panel-name="times-Failed_suite_[SmokeTestScenerio]" class="panel">
          <div class="main-panel-header rounded-window-top">
            <span class="header-content">Times for Failed suite [SmokeTestScenerio]</span>
          </div> <!-- main-panel-header rounded-window-top -->
          <div class="main-panel-content rounded-window-bottom">
            <div class="times-div">
              <script type="text/javascript">
suiteTableInitFunctions.push('tableData_Failed_suite_[SmokeTestScenerio]');
function tableData_Failed_suite_[SmokeTestScenerio]() {
var data = new google.visualization.DataTable();
data.addColumn('number', 'Number');
data.addColumn('string', 'Method');
data.addColumn('string', 'Class');
data.addColumn('number', 'Time (ms)');
data.addRows(6);
data.setCell(0, 0, 0)
data.setCell(0, 1, 'verifySeleniumTitle')
data.setCell(0, 2, 'TestNGDemo.VerifyTitle')
data.setCell(0, 3, 17633);
data.setCell(1, 0, 1)
data.setCell(1, 1, 'verifySeleniumTitle')
data.setCell(1, 2, 'TestNGDemo.VerifyTitle')
data.setCell(1, 3, 15978);
data.setCell(2, 0, 2)
data.setCell(2, 1, 'captureScreenshot')
data.setCell(2, 2, 'com.demo.testNG_annotations.FacebookScreenshot')
data.setCell(2, 3, 10835);
data.setCell(3, 0, 3)
data.setCell(3, 1, 'verifySeleniumTitle')
data.setCell(3, 2, 'TestNGDemo.VerifyTitle')
data.setCell(3, 3, 8500);
data.setCell(4, 0, 4)
data.setCell(4, 1, 'verifyLoginPageText')
data.setCell(4, 2, 'selenium_testNG.TestNGExampleTests')
data.setCell(4, 3, 2564);
data.setCell(5, 0, 5)
data.setCell(5, 1, 'verifyForgotPasswordPage')
data.setCell(5, 2, 'selenium_testNG.TestNGExampleTests')
data.setCell(5, 3, 1017);
window.suiteTableData['Failed_suite_[SmokeTestScenerio]']= { tableData: data, tableDiv: 'times-div-Failed_suite_[SmokeTestScenerio]'}
return data;
}
              </script>
              <span class="suite-total-time">Total running time: 56 seconds</span>
              <div id="times-div-Failed_suite_[SmokeTestScenerio]">
              </div> <!-- times-div-Failed_suite_[SmokeTestScenerio] -->
            </div> <!-- times-div -->
          </div> <!-- main-panel-content rounded-window-bottom -->
        </div> <!-- panel -->
        <div panel-name="reporter-Failed_suite_[SmokeTestScenerio]" class="panel">
          <div class="main-panel-header rounded-window-top">
            <span class="header-content">Reporter output for Failed suite [SmokeTestScenerio]</span>
          </div> <!-- main-panel-header rounded-window-top -->
          <div class="main-panel-content rounded-window-bottom">
          </div> <!-- main-panel-content rounded-window-bottom -->
        </div> <!-- panel -->
        <div panel-name="ignored-methods-Failed_suite_[SmokeTestScenerio]" class="panel">
          <div class="main-panel-header rounded-window-top">
            <span class="header-content">0 ignored methods</span>
          </div> <!-- main-panel-header rounded-window-top -->
          <div class="main-panel-content rounded-window-bottom">
          </div> <!-- main-panel-content rounded-window-bottom -->
        </div> <!-- panel -->
        <div panel-name="chronological-Failed_suite_[SmokeTestScenerio]" class="panel">
          <div class="main-panel-header rounded-window-top">
            <span class="header-content">Methods in chronological order</span>
          </div> <!-- main-panel-header rounded-window-top -->
          <div class="main-panel-content rounded-window-bottom">
            <div class="chronological-class">
              <div class="chronological-class-name">com.demo.testNG_annotations.FacebookScreenshot</div> <!-- chronological-class-name -->
              <div class="test-method">
                <img src="failed.png">
                </img>
                <span class="method-name">captureScreenshot</span>
                <span class="method-start">0 ms</span>
              </div> <!-- test-method -->
              <div class="configuration-method after">
                <span class="method-name">tearDown([TestResult name=captureScreenshot status=FAILURE method=FacebookScreenshot.captureScreenshot()[pri:...)</span>
                <span class="method-start">10844 ms</span>
              </div> <!-- configuration-method after -->
            </div> <!-- chronological-class -->
            <div class="chronological-class">
              <div class="chronological-class-name">TestNGDemo.VerifyTitle</div> <!-- chronological-class-name -->
              <div class="test-method">
                <span class="method-name">verifySeleniumTitle</span>
                <span class="method-start">12791 ms</span>
              </div> <!-- test-method -->
              <div class="test-method">
                <span class="method-name">verifySeleniumTitle</span>
                <span class="method-start">30426 ms</span>
              </div> <!-- test-method -->
              <div class="test-method">
                <img src="failed.png">
                </img>
                <span class="method-name">verifySeleniumTitle</span>
                <span class="method-start">46405 ms</span>
              </div> <!-- test-method -->
            </div> <!-- chronological-class -->
            <div class="chronological-class">
              <div class="chronological-class-name">selenium_testNG.TestNGExampleTests</div> <!-- chronological-class-name -->
              <div class="configuration-class before">
                <span class="method-name">setup</span>
                <span class="method-start">54910 ms</span>
              </div> <!-- configuration-class before -->
              <div class="test-method">
                <img src="failed.png">
                </img>
                <span class="method-name">verifyLoginPageText</span>
                <span class="method-start">61073 ms</span>
              </div> <!-- test-method -->
              <div class="test-method">
                <img src="failed.png">
                </img>
                <span class="method-name">verifyForgotPasswordPage</span>
                <span class="method-start">63640 ms</span>
              </div> <!-- test-method -->
          </div> <!-- main-panel-content rounded-window-bottom -->
        </div> <!-- panel -->
      </div> <!-- main-panel-root -->
    </div> <!-- wrapper -->
  </body>
</html>
